{"level":"info","message":"index.html","timestamp":"2017-07-17T10:15:34.519Z"}
{"level":"info","message":"index.html","timestamp":"2017-07-17T10:20:53.969Z"}
{"level":"info","message":"index.html","timestamp":"2017-07-17T11:15:10.125Z"}
{"level":"info","message":"Hello Startup Summer","timestamp":"2017-07-17T11:15:41.730Z"}
{"level":"info","message":"index.html","timestamp":"2017-07-17T11:15:45.504Z"}
{"level":"info","message":"index.html","timestamp":"2017-07-17T11:18:55.948Z"}
{"level":"info","message":"Hello. My name is Mark Chepicov","timestamp":"2017-07-17T11:19:17.091Z"}
{"level":"info","message":"index.html","timestamp":"2017-07-17T11:19:25.734Z"}
{"level":"info","message":"index.html","timestamp":"2017-07-17T11:27:17.414Z"}
{"level":"info","message":"index.html","timestamp":"2017-07-17T11:28:20.219Z"}
{"level":"info","message":"main.css","timestamp":"2017-07-17T11:28:20.241Z"}
{"level":"info","message":"index.html","timestamp":"2017-07-17T12:09:21.128Z"}
{"level":"info","message":"main.css","timestamp":"2017-07-17T12:09:21.137Z"}
{"level":"info","message":"index.html","timestamp":"2017-07-17T12:09:21.325Z"}
{"level":"info","message":"main.css","timestamp":"2017-07-17T12:09:21.351Z"}
{"level":"info","message":"index.html","timestamp":"2017-07-17T12:25:17.943Z"}
{"level":"info","message":"main.css","timestamp":"2017-07-17T12:25:17.970Z"}
{"level":"info","message":"Hello Startup Summer","timestamp":"2017-07-17T12:26:32.703Z"}
{"level":"info","message":"index.html","timestamp":"2017-07-17T12:26:35.658Z"}
{"level":"info","message":"main.css","timestamp":"2017-07-17T12:26:35.670Z"}
{"level":"info","message":"postHandler","timestamp":"2017-07-17T12:26:45.563Z"}
{"level":"info","message":"index.html","timestamp":"2017-07-17T12:27:48.449Z"}
{"level":"info","message":"main.css","timestamp":"2017-07-17T12:27:48.456Z"}
{"level":"info","message":"index.html","timestamp":"2017-07-17T12:27:49.028Z"}
{"level":"info","message":"main.css","timestamp":"2017-07-17T12:27:49.046Z"}
{"level":"info","message":"postHandler","timestamp":"2017-07-17T12:28:12.896Z"}
