{"url":"/index.html","code":200,"level":"info","message":"Request","timestamp":"2017-07-17T08:56:25.565Z"}
{"url":"/index.html","code":200,"level":"info","message":"Request","timestamp":"2017-07-17T08:57:56.204Z"}
{"url":"/","code":200,"level":"info","message":"Request","timestamp":"2017-07-17T08:58:06.258Z"}
{"url":"/","code":200,"level":"info","message":"Request","timestamp":"2017-07-17T09:01:23.118Z"}
{"url":"/","code":200,"level":"info","message":"Request","timestamp":"2017-07-17T09:02:02.393Z"}
{"url":"/index.html","code":200,"level":"info","message":"Request","timestamp":"2017-07-17T09:02:42.589Z"}
{"url":"/index.html","code":200,"level":"info","message":"Request","timestamp":"2017-07-17T09:05:28.232Z"}
{"url":"/index.html","code":200,"level":"info","message":"Request","timestamp":"2017-07-17T09:05:52.689Z"}
{"url":"/index.html","code":200,"level":"info","message":"Request","timestamp":"2017-07-17T09:06:01.245Z"}
{"url":"/index.html","code":404,"level":"info","message":"Request","timestamp":"2017-07-17T09:06:02.473Z"}
{"url":"/index.html","code":404,"level":"info","message":"Request","timestamp":"2017-07-17T09:06:06.331Z"}
{"url":"/index.html","code":404,"level":"info","message":"Request","timestamp":"2017-07-17T09:06:17.627Z"}
{"url":"/index.html","code":404,"level":"info","message":"Request","timestamp":"2017-07-17T09:06:22.019Z"}
{"url":"/index.html","code":404,"level":"info","message":"Request","timestamp":"2017-07-17T09:06:28.500Z"}
{"url":"/index.html","code":200,"level":"info","message":"Request","timestamp":"2017-07-17T09:06:34.462Z"}
{"url":"/index.html","code":404,"level":"info","message":"Request","timestamp":"2017-07-17T09:06:37.512Z"}
{"url":"/index.html","code":404,"level":"info","message":"Request","timestamp":"2017-07-17T09:06:52.634Z"}
{"url":"/index.html","code":404,"level":"info","message":"Request","timestamp":"2017-07-17T09:07:21.972Z"}
{"url":"/index.html","code":404,"level":"info","message":"Request","timestamp":"2017-07-17T09:07:27.997Z"}
{"url":"/index.html","code":200,"level":"info","message":"Request","timestamp":"2017-07-17T09:07:31.631Z"}
{"url":"/index.html?first_name=asd&last_name=asd","code":404,"level":"info","message":"Request","timestamp":"2017-07-17T09:07:33.899Z"}
{"url":"/index.html?first_name=asd&last_name=asd","code":404,"level":"info","message":"Request","timestamp":"2017-07-17T09:09:22.095Z"}
{"url":"/index.html","code":200,"level":"info","message":"Request","timestamp":"2017-07-17T09:09:24.515Z"}
{"url":"/index.html","code":200,"level":"info","message":"Request","timestamp":"2017-07-17T09:09:26.928Z"}
{"url":"/index.html","code":200,"level":"info","message":"Request","timestamp":"2017-07-17T09:09:50.294Z"}
{"url":"/index.html","code":200,"level":"info","message":"Request","timestamp":"2017-07-17T09:13:36.136Z"}
{"url":"/index.html","code":200,"level":"info","message":"Request","timestamp":"2017-07-17T09:17:34.193Z"}
{"url":"/index.html","code":200,"level":"info","message":"Request","timestamp":"2017-07-17T09:18:17.567Z"}
{"url":"/favicon.ico","code":404,"level":"info","message":"Request","timestamp":"2017-07-17T09:18:28.151Z"}
{"url":"/favicon.ico","code":404,"level":"info","message":"Request","timestamp":"2017-07-17T09:18:30.515Z"}
{"url":"/favicon.ico","code":404,"level":"info","message":"Request","timestamp":"2017-07-17T09:18:45.442Z"}
{"url":"/index.html","code":200,"level":"info","message":"Request","timestamp":"2017-07-17T09:20:32.802Z"}
{"url":"/index.html","code":200,"level":"info","message":"Request","timestamp":"2017-07-17T09:26:02.269Z"}
{"url":"/favicon.ico","code":404,"level":"info","message":"Request","timestamp":"2017-07-17T09:26:02.321Z"}
{"url":"/favicon.ico","code":404,"level":"info","message":"Request","timestamp":"2017-07-17T09:26:03.358Z"}
{"url":"/index.html","code":200,"level":"info","message":"Request","timestamp":"2017-07-17T09:26:04.993Z"}
{"url":"/favicon.ico","code":404,"level":"info","message":"Request","timestamp":"2017-07-17T09:26:20.155Z"}
{"url":"/favicon.ico","code":404,"level":"info","message":"Request","timestamp":"2017-07-17T09:26:29.283Z"}
{"url":"/index.html","code":200,"level":"info","message":"Request","timestamp":"2017-07-17T09:38:49.019Z"}
{"url":"/index.html","code":200,"level":"info","message":"Request","timestamp":"2017-07-17T09:38:51.037Z"}
{"url":"/index.html","code":200,"level":"info","message":"Request","timestamp":"2017-07-17T09:38:59.234Z"}
{"url":"/internet-file","code":200,"level":"info","message":"Request","timestamp":"2017-07-17T09:45:50.415Z"}
{"url":"/internet-file","code":200,"level":"info","message":"Request","timestamp":"2017-07-17T09:45:53.694Z"}
{"url":"/index.html","code":200,"level":"info","message":"Request","timestamp":"2017-07-17T09:48:24.088Z"}
{"url":"/internet-file","code":200,"level":"info","message":"Request","timestamp":"2017-07-17T09:48:24.094Z"}
{"url":"/index.html","code":200,"level":"info","message":"Request","timestamp":"2017-07-17T09:51:27.819Z"}
{"url":"/internet-file","code":200,"level":"info","message":"Request","timestamp":"2017-07-17T09:51:27.846Z"}
{"url":"/index.html","code":200,"level":"info","message":"Request","timestamp":"2017-07-17T09:52:58.433Z"}
{"url":"/internet-file","code":200,"level":"info","message":"Request","timestamp":"2017-07-17T09:52:58.444Z"}
{"url":"/index.html","code":200,"level":"info","message":"Request","timestamp":"2017-07-17T09:53:11.274Z"}
{"url":"/internet-file","code":200,"level":"info","message":"Request","timestamp":"2017-07-17T09:53:11.295Z"}
{"url":"/index.html","code":200,"level":"info","message":"Request","timestamp":"2017-07-17T09:53:24.342Z"}
{"url":"/internet-file","code":200,"level":"info","message":"Request","timestamp":"2017-07-17T09:53:24.360Z"}
{"url":"/index.html","code":200,"level":"info","message":"Request","timestamp":"2017-07-17T09:53:47.065Z"}
{"url":"/internet-file","code":200,"level":"info","message":"Request","timestamp":"2017-07-17T09:53:47.083Z"}
{"url":"/index.html","code":200,"level":"info","message":"Request","timestamp":"2017-07-17T09:54:05.154Z"}
{"url":"/internet-file","code":200,"level":"info","message":"Request","timestamp":"2017-07-17T09:54:05.173Z"}
{"url":"/index.html","code":200,"level":"info","message":"Request","timestamp":"2017-07-17T09:54:44.541Z"}
{"url":"/internet-file","code":200,"level":"info","message":"Request","timestamp":"2017-07-17T09:54:44.561Z"}
{"url":"/index.html","code":200,"level":"info","message":"Request","timestamp":"2017-07-17T09:54:54.115Z"}
{"url":"/internet-file","code":200,"level":"info","message":"Request","timestamp":"2017-07-17T09:54:54.135Z"}
{"url":"/index.html","code":200,"level":"info","message":"Request","timestamp":"2017-07-17T09:55:27.049Z"}
{"url":"/internet-file","code":200,"level":"info","message":"Request","timestamp":"2017-07-17T09:55:27.071Z"}
{"url":"/index.html","code":200,"level":"info","message":"Request","timestamp":"2017-07-17T09:55:35.951Z"}
{"url":"/index.html","code":200,"level":"info","message":"Request","timestamp":"2017-07-17T09:55:38.922Z"}
{"url":"/index.html","code":200,"level":"info","message":"Request","timestamp":"2017-07-17T09:55:40.999Z"}
{"url":"/internet-file","code":200,"level":"info","message":"Request","timestamp":"2017-07-17T09:55:41.020Z"}
{"url":"/index.html","code":200,"level":"info","message":"Request","timestamp":"2017-07-17T09:58:16.267Z"}
{"url":"/index.html","code":200,"level":"info","message":"Request","timestamp":"2017-07-17T09:58:32.763Z"}
{"url":"/index.html","code":200,"level":"info","message":"Request","timestamp":"2017-07-17T09:58:39.317Z"}
{"url":"/index.html","code":200,"level":"info","message":"Request","timestamp":"2017-07-17T09:58:59.571Z"}
{"url":"/internet-file","code":200,"level":"info","message":"Request","timestamp":"2017-07-17T09:58:59.606Z"}
{"url":"/index.html","code":200,"level":"info","message":"Request","timestamp":"2017-07-17T09:59:10.930Z"}
{"url":"/internet-file","code":200,"level":"info","message":"Request","timestamp":"2017-07-17T09:59:10.950Z"}
{"url":"/","code":200,"level":"info","message":"Request","timestamp":"2017-07-17T10:00:55.813Z"}
{"url":"/index.html","code":200,"level":"info","message":"Request","timestamp":"2017-07-17T10:01:02.312Z"}
{"url":"/internet-file","code":200,"level":"info","message":"Request","timestamp":"2017-07-17T10:01:02.321Z"}
{"url":"/internet-file","code":200,"level":"info","message":"Request","timestamp":"2017-07-17T10:01:06.680Z"}
