{"level":"info","message":"GET /image","timestamp":"2017-07-17T11:26:00.413Z"}
{"level":"info","message":"GET /index.html","timestamp":"2017-07-17T11:26:03.872Z"}
{"level":"info","message":"GET /index.css","timestamp":"2017-07-17T11:26:03.882Z"}
{"level":"info","message":"GET /index.html","timestamp":"2017-07-17T11:34:21.562Z"}
{"level":"info","message":"GET /index.css","timestamp":"2017-07-17T11:34:21.592Z"}
{"level":"info","message":"GET /index.html","timestamp":"2017-07-17T11:35:31.807Z"}
{"level":"info","message":"GET /index.css","timestamp":"2017-07-17T11:35:31.825Z"}
{"level":"info","message":"GET /index.html","timestamp":"2017-07-17T11:36:03.040Z"}
{"level":"info","message":"GET /index.css","timestamp":"2017-07-17T11:36:03.067Z"}
{"level":"info","message":"GET /index.html","timestamp":"2017-07-17T11:38:26.929Z"}
{"level":"info","message":"GET /index.css","timestamp":"2017-07-17T11:38:26.944Z"}
{"level":"info","message":"GET /index.html","timestamp":"2017-07-17T11:38:30.725Z"}
{"level":"info","message":"GET /index.css","timestamp":"2017-07-17T11:38:30.732Z"}
{"level":"info","message":"GET /index.html","timestamp":"2017-07-17T11:40:03.809Z"}
{"level":"info","message":"GET /index.css","timestamp":"2017-07-17T11:40:03.818Z"}
{"level":"info","message":"GET /index.html","timestamp":"2017-07-17T11:40:04.317Z"}
{"level":"info","message":"GET /index.css","timestamp":"2017-07-17T11:40:04.336Z"}
{"level":"info","message":"GET /index.html","timestamp":"2017-07-17T11:40:04.484Z"}
{"level":"info","message":"GET /index.css","timestamp":"2017-07-17T11:40:04.501Z"}
{"level":"info","message":"GET /index.html","timestamp":"2017-07-17T11:40:04.664Z"}
{"level":"info","message":"GET /index.css","timestamp":"2017-07-17T11:40:04.675Z"}
{"level":"info","message":"GET /index.html","timestamp":"2017-07-17T11:40:04.824Z"}
{"level":"info","message":"GET /index.css","timestamp":"2017-07-17T11:40:04.835Z"}
{"level":"info","message":"GET /index.html","timestamp":"2017-07-17T11:40:09.715Z"}
{"level":"info","message":"GET /index.css","timestamp":"2017-07-17T11:40:09.746Z"}
{"level":"info","message":"GET /index.html","timestamp":"2017-07-17T11:40:18.036Z"}
{"level":"info","message":"GET /index.css","timestamp":"2017-07-17T11:40:18.048Z"}
{"level":"info","message":"GET /index.html","timestamp":"2017-07-17T11:40:22.570Z"}
{"level":"info","message":"GET /index.css","timestamp":"2017-07-17T11:40:22.579Z"}
{"level":"info","message":"GET /index.html","timestamp":"2017-07-17T11:40:26.326Z"}
{"level":"info","message":"GET /index.css","timestamp":"2017-07-17T11:40:26.336Z"}
{"level":"info","message":"GET /index.html","timestamp":"2017-07-17T11:40:50.987Z"}
{"level":"info","message":"GET /index.css","timestamp":"2017-07-17T11:40:50.995Z"}
{"level":"info","message":"GET /index.html","timestamp":"2017-07-17T11:40:59.002Z"}
{"level":"info","message":"GET /index.css","timestamp":"2017-07-17T11:40:59.011Z"}
{"level":"info","message":"GET /index.html","timestamp":"2017-07-17T11:41:03.632Z"}
{"level":"info","message":"GET /index.css","timestamp":"2017-07-17T11:41:03.640Z"}
{"level":"info","message":"POST /info","timestamp":"2017-07-17T11:42:24.656Z"}
{"level":"info","message":"POST /info","timestamp":"2017-07-17T11:43:50.592Z"}
{"level":"info","message":"POST /info","timestamp":"2017-07-17T11:44:48.680Z"}
{"level":"info","message":"GET /index.html","timestamp":"2017-07-17T11:44:50.532Z"}
{"level":"info","message":"GET /index.css","timestamp":"2017-07-17T11:44:50.557Z"}
{"level":"info","message":"GET /index.html","timestamp":"2017-07-17T11:46:54.269Z"}
{"level":"info","message":"GET /index.css","timestamp":"2017-07-17T11:46:54.300Z"}
{"level":"info","message":"GET /index.html","timestamp":"2017-07-17T11:55:00.838Z"}
{"level":"info","message":"GET /index.css","timestamp":"2017-07-17T11:55:00.855Z"}
{"level":"info","message":"GET /image","timestamp":"2017-07-17T12:04:23.602Z"}
{"level":"info","message":"GET /index.html","timestamp":"2017-07-17T12:04:27.399Z"}
{"level":"info","message":"GET /index.css","timestamp":"2017-07-17T12:04:27.406Z"}
{"level":"info","message":"GET /index.html","timestamp":"2017-07-17T12:14:51.368Z"}
{"level":"info","message":"GET /index.css","timestamp":"2017-07-17T12:14:51.394Z"}
{"level":"info","message":"GET /index.html","timestamp":"2017-07-17T12:15:38.378Z"}
{"level":"info","message":"GET /index.css","timestamp":"2017-07-17T12:15:38.399Z"}
{"level":"info","message":"GET /","timestamp":"2017-07-17T12:15:42.085Z"}
{"level":"info","message":"GET /index.html","timestamp":"2017-07-17T12:16:16.778Z"}
{"level":"info","message":"GET /index.css","timestamp":"2017-07-17T12:16:16.787Z"}
{"level":"info","message":"GET /","timestamp":"2017-07-17T12:16:20.119Z"}
{"level":"info","message":"GET /index.html","timestamp":"2017-07-17T12:16:22.968Z"}
{"level":"info","message":"GET /index.html","timestamp":"2017-07-17T12:17:14.983Z"}
{"level":"info","message":"GET /index.css","timestamp":"2017-07-17T12:17:14.991Z"}
{"level":"info","message":"GET /index.html","timestamp":"2017-07-17T12:17:58.101Z"}
{"level":"info","message":"GET /index.css","timestamp":"2017-07-17T12:17:58.108Z"}
{"level":"info","message":"GET /","timestamp":"2017-07-17T12:18:01.115Z"}
{"level":"info","message":"GET /index.html","timestamp":"2017-07-17T12:24:03.455Z"}
{"level":"info","message":"GET /index.html","timestamp":"2017-07-17T12:25:41.319Z"}
{"level":"info","message":"GET /index.html","timestamp":"2017-07-17T12:25:43.363Z"}
{"level":"info","message":"GET /index.html","timestamp":"2017-07-17T12:27:20.322Z"}
{"level":"info","message":"GET /index.html","timestamp":"2017-07-17T12:30:01.718Z"}
{"level":"info","message":"GET /index.html","timestamp":"2017-07-17T12:30:02.112Z"}
{"level":"info","message":"GET /index.css","timestamp":"2017-07-17T12:30:02.131Z"}
{"level":"info","message":"GET /index.html","timestamp":"2017-07-17T12:33:32.872Z"}
{"level":"info","message":"GET /index.css","timestamp":"2017-07-17T12:33:32.884Z"}
{"level":"info","message":"GET /image","timestamp":"2017-07-17T12:35:01.994Z"}
{"level":"info","message":"GET /image","timestamp":"2017-07-17T12:35:25.016Z"}
{"level":"info","message":"GET /image","timestamp":"2017-07-17T12:36:41.018Z"}
{"level":"info","message":"GET /image","timestamp":"2017-07-17T12:37:01.850Z"}
{"level":"info","message":"GET /index.html","timestamp":"2017-07-17T12:37:04.859Z"}
{"level":"info","message":"GET /index.css","timestamp":"2017-07-17T12:37:04.885Z"}
{"level":"info","message":"POST /info","timestamp":"2017-07-17T12:37:10.232Z"}
{"level":"info","message":"GET /image","timestamp":"2017-07-17T12:37:16.188Z"}
{"level":"info","message":"GET /image","timestamp":"2017-07-17T12:37:18.191Z"}
{"level":"info","message":"GET /image","timestamp":"2017-07-17T12:37:29.172Z"}
{"level":"info","message":"GET /index.html","timestamp":"2017-07-17T12:37:31.369Z"}
{"level":"info","message":"GET /index.css","timestamp":"2017-07-17T12:37:31.394Z"}
{"level":"info","message":"GET /image","timestamp":"2017-07-17T12:38:16.410Z"}
{"level":"info","message":"GET /index.html","timestamp":"2017-07-17T12:38:24.379Z"}
{"level":"info","message":"GET /index.css","timestamp":"2017-07-17T12:38:24.394Z"}
{"level":"info","message":"GET /index.html","timestamp":"2017-07-17T12:40:31.619Z"}
{"level":"info","message":"GET /index.css","timestamp":"2017-07-17T12:40:31.642Z"}
{"level":"info","message":"GET /image","timestamp":"2017-07-17T12:40:37.834Z"}
{"level":"info","message":"GET /image","timestamp":"2017-07-17T12:40:42.828Z"}
{"level":"info","message":"GET /image","timestamp":"2017-07-17T12:40:44.639Z"}
{"level":"info","message":"GET /image","timestamp":"2017-07-17T12:40:45.296Z"}
{"level":"info","message":"GET /image","timestamp":"2017-07-17T12:40:45.431Z"}
{"level":"info","message":"GET /image","timestamp":"2017-07-17T12:40:45.586Z"}
{"level":"info","message":"GET /image","timestamp":"2017-07-17T12:40:45.757Z"}
{"level":"info","message":"GET /image","timestamp":"2017-07-17T12:40:46.603Z"}
{"level":"info","message":"GET /image","timestamp":"2017-07-17T12:40:46.758Z"}
{"level":"info","message":"GET /image","timestamp":"2017-07-17T12:40:46.925Z"}
{"level":"info","message":"GET /image","timestamp":"2017-07-17T12:40:47.094Z"}
{"level":"info","message":"GET /image","timestamp":"2017-07-17T12:40:47.276Z"}
{"level":"info","message":"GET /image","timestamp":"2017-07-17T12:40:47.429Z"}
{"level":"info","message":"GET /index.html","timestamp":"2017-07-17T12:49:26.976Z"}
{"level":"info","message":"GET /index.css","timestamp":"2017-07-17T12:49:26.994Z"}
{"level":"info","message":"GET /image","timestamp":"2017-07-17T12:49:38.222Z"}
{"level":"info","message":"GET /image","timestamp":"2017-07-17T12:49:43.120Z"}
{"level":"info","message":"GET /image","timestamp":"2017-07-17T12:49:44.452Z"}
{"level":"info","message":"GET /image","timestamp":"2017-07-17T12:49:44.893Z"}
{"level":"info","message":"GET /image","timestamp":"2017-07-17T12:49:45.039Z"}
{"level":"info","message":"GET /image","timestamp":"2017-07-17T12:49:45.152Z"}
{"level":"info","message":"GET /index.html","timestamp":"2017-07-17T12:53:23.180Z"}
{"level":"info","message":"GET /index.css","timestamp":"2017-07-17T12:53:23.192Z"}
{"level":"info","message":"GET /image","timestamp":"2017-07-17T12:53:24.303Z"}
{"level":"info","message":"GET /image","timestamp":"2017-07-17T12:53:29.055Z"}
{"level":"info","message":"GET /image","timestamp":"2017-07-17T12:53:30.962Z"}
{"level":"info","message":"GET /image","timestamp":"2017-07-17T12:53:31.418Z"}
{"level":"info","message":"GET /image","timestamp":"2017-07-17T12:53:31.549Z"}
{"level":"info","message":"GET /image","timestamp":"2017-07-17T12:53:31.712Z"}
{"level":"info","message":"GET /image","timestamp":"2017-07-17T12:53:31.861Z"}
{"level":"info","message":"GET /index.html","timestamp":"2017-07-17T12:55:11.685Z"}
{"level":"info","message":"GET /index.css","timestamp":"2017-07-17T12:55:11.703Z"}
{"level":"info","message":"GET /index.html","timestamp":"2017-07-17T12:55:20.382Z"}
{"level":"info","message":"GET /index.css","timestamp":"2017-07-17T12:55:20.408Z"}
{"level":"info","message":"GET /index.html","timestamp":"2017-07-17T12:57:06.235Z"}
{"level":"info","message":"GET /index.css","timestamp":"2017-07-17T12:57:06.253Z"}
{"level":"info","message":"GET /index.html","timestamp":"2017-07-17T12:57:19.679Z"}
{"level":"info","message":"GET /index.css","timestamp":"2017-07-17T12:57:19.698Z"}
{"level":"info","message":"GET /index.html","timestamp":"2017-07-17T12:57:44.877Z"}
{"level":"info","message":"GET /index.css","timestamp":"2017-07-17T12:57:44.904Z"}
{"level":"info","message":"POST /info","timestamp":"2017-07-17T12:58:02.194Z"}
{"level":"info","message":"GET /image","timestamp":"2017-07-17T12:58:06.207Z"}
{"level":"info","message":"GET /index.html","timestamp":"2017-07-17T12:58:12.584Z"}
{"level":"info","message":"GET /index.css","timestamp":"2017-07-17T12:58:12.605Z"}
{"level":"info","message":"GET /index.html","timestamp":"2017-07-17T12:59:01.728Z"}
{"level":"info","message":"GET /index.css","timestamp":"2017-07-17T12:59:01.752Z"}
{"level":"info","message":"GET /index.html","timestamp":"2017-07-17T12:59:39.248Z"}
{"level":"info","message":"GET /index.css","timestamp":"2017-07-17T12:59:39.267Z"}
{"level":"info","message":"GET /index.html","timestamp":"2017-07-17T13:01:38.921Z"}
{"level":"info","message":"GET /index.css","timestamp":"2017-07-17T13:01:38.938Z"}
{"level":"info","message":"GET /image","timestamp":"2017-07-17T13:01:41.763Z"}
{"level":"info","message":"GET /image","timestamp":"2017-07-17T13:01:45.479Z"}
{"level":"info","message":"GET /index.html","timestamp":"2017-07-17T13:01:47.839Z"}
{"level":"info","message":"GET /index.css","timestamp":"2017-07-17T13:01:47.864Z"}
{"level":"info","message":"GET /image","timestamp":"2017-07-17T13:01:50.144Z"}
{"level":"info","message":"GET /image","timestamp":"2017-07-17T13:01:52.742Z"}
{"level":"info","message":"GET /image","timestamp":"2017-07-17T13:01:53.386Z"}
{"level":"info","message":"GET /image","timestamp":"2017-07-17T13:01:53.901Z"}
{"level":"info","message":"GET /image","timestamp":"2017-07-17T13:01:54.047Z"}
{"level":"info","message":"GET /image","timestamp":"2017-07-17T13:01:54.198Z"}
{"level":"info","message":"GET /image","timestamp":"2017-07-17T13:01:54.342Z"}
{"level":"info","message":"GET /index.html","timestamp":"2017-07-17T13:02:48.372Z"}
{"level":"info","message":"GET /index.css","timestamp":"2017-07-17T13:02:48.397Z"}
{"level":"info","message":"POST /info","timestamp":"2017-07-17T13:02:49.996Z"}
{"level":"info","message":"GET /image","timestamp":"2017-07-17T13:02:50.016Z"}
{"level":"info","message":"GET /image","timestamp":"2017-07-17T13:02:54.246Z"}
{"level":"info","message":"GET /index.html","timestamp":"2017-07-17T13:02:56.329Z"}
{"level":"info","message":"GET /index.css","timestamp":"2017-07-17T13:02:56.360Z"}
{"level":"info","message":"GET /index.html","timestamp":"2017-07-17T13:03:01.093Z"}
{"level":"info","message":"GET /index.css","timestamp":"2017-07-17T13:03:01.121Z"}
{"level":"info","message":"GET /","timestamp":"2017-07-17T13:03:05.751Z"}
{"level":"info","message":"GET /index.html","timestamp":"2017-07-17T13:03:13.039Z"}
{"level":"info","message":"GET /index.css","timestamp":"2017-07-17T13:03:13.056Z"}
{"level":"info","message":"GET /image","timestamp":"2017-07-17T13:03:15.382Z"}
{"level":"info","message":"GET /index.html","timestamp":"2017-07-17T13:03:17.809Z"}
{"level":"info","message":"GET /index.css","timestamp":"2017-07-17T13:03:17.820Z"}
{"level":"info","message":"GET /index.html","timestamp":"2017-07-17T13:03:23.976Z"}
{"level":"info","message":"GET /index.css","timestamp":"2017-07-17T13:03:24.002Z"}
{"level":"info","message":"GET /image","timestamp":"2017-07-17T13:03:32.722Z"}
{"level":"info","message":"GET /index.html","timestamp":"2017-07-17T13:03:44.091Z"}
{"level":"info","message":"GET /index.css","timestamp":"2017-07-17T13:03:44.110Z"}
{"level":"info","message":"GET /index.html","timestamp":"2017-07-17T13:04:06.627Z"}
{"level":"info","message":"GET /index.css","timestamp":"2017-07-17T13:04:06.654Z"}
{"level":"info","message":"GET /index.html","timestamp":"2017-07-17T13:04:16.596Z"}
{"level":"info","message":"GET /index.css","timestamp":"2017-07-17T13:04:16.603Z"}
{"level":"info","message":"GET /image","timestamp":"2017-07-17T13:05:38.325Z"}
{"level":"info","message":"GET /image","timestamp":"2017-07-17T13:05:43.074Z"}
{"level":"info","message":"GET /image","timestamp":"2017-07-17T13:05:50.441Z"}
{"level":"info","message":"GET /image","timestamp":"2017-07-17T13:05:54.896Z"}
{"level":"info","message":"GET /image","timestamp":"2017-07-17T13:05:56.855Z"}
{"level":"info","message":"GET /image","timestamp":"2017-07-17T13:05:58.952Z"}
{"level":"info","message":"GET /index.html","timestamp":"2017-07-17T13:06:48.670Z"}
{"level":"info","message":"GET /index.css","timestamp":"2017-07-17T13:06:48.685Z"}
{"level":"info","message":"GET /image","timestamp":"2017-07-17T13:06:51.211Z"}
{"level":"info","message":"GET /index.html","timestamp":"2017-07-17T13:06:53.259Z"}
{"level":"info","message":"GET /index.css","timestamp":"2017-07-17T13:06:53.283Z"}
{"level":"info","message":"GET /index.html","timestamp":"2017-07-17T13:08:31.964Z"}
{"level":"info","message":"GET /index.css","timestamp":"2017-07-17T13:08:31.986Z"}
{"level":"info","message":"GET /","timestamp":"2017-07-17T13:09:48.976Z"}
{"level":"info","message":"GET /index.html","timestamp":"2017-07-17T13:09:50.357Z"}
{"level":"info","message":"GET /index.css","timestamp":"2017-07-17T13:09:50.384Z"}
{"level":"info","message":"GET /index.html","timestamp":"2017-07-17T13:09:50.776Z"}
{"level":"info","message":"GET /index.css","timestamp":"2017-07-17T13:09:50.789Z"}
{"level":"info","message":"GET /index.html","timestamp":"2017-07-17T13:09:50.922Z"}
{"level":"info","message":"GET /index.css","timestamp":"2017-07-17T13:09:50.932Z"}
{"level":"info","message":"GET /image","timestamp":"2017-07-17T13:09:53.813Z"}
{"level":"info","message":"GET /image","timestamp":"2017-07-17T13:09:58.535Z"}
{"level":"info","message":"GET /image","timestamp":"2017-07-17T13:09:59.930Z"}
{"level":"info","message":"GET /image","timestamp":"2017-07-17T13:10:00.330Z"}
{"level":"info","message":"GET /image","timestamp":"2017-07-17T13:10:00.455Z"}
{"level":"info","message":"GET /image","timestamp":"2017-07-17T13:10:00.602Z"}
{"level":"info","message":"GET /index.html","timestamp":"2017-07-17T13:10:33.919Z"}
{"level":"info","message":"GET /index.css","timestamp":"2017-07-17T13:10:33.945Z"}
{"level":"info","message":"GET /index.html","timestamp":"2017-07-17T13:10:34.401Z"}
{"level":"info","message":"GET /index.css","timestamp":"2017-07-17T13:10:34.426Z"}
{"level":"info","message":"GET /index.html","timestamp":"2017-07-17T13:10:34.572Z"}
{"level":"info","message":"GET /index.css","timestamp":"2017-07-17T13:10:34.582Z"}
{"level":"info","message":"GET /index.html","timestamp":"2017-07-17T13:10:34.713Z"}
{"level":"info","message":"GET /index.css","timestamp":"2017-07-17T13:10:34.723Z"}
{"level":"info","message":"GET /index.html","timestamp":"2017-07-17T13:10:34.879Z"}
{"level":"info","message":"GET /index.css","timestamp":"2017-07-17T13:10:34.888Z"}
{"level":"info","message":"GET /index.html","timestamp":"2017-07-17T13:10:45.875Z"}
{"level":"info","message":"GET /index.css","timestamp":"2017-07-17T13:10:45.892Z"}
{"level":"info","message":"GET /image","timestamp":"2017-07-17T13:11:24.199Z"}
{"level":"info","message":"GET /index.html","timestamp":"2017-07-17T13:11:25.981Z"}
{"level":"info","message":"GET /index.css","timestamp":"2017-07-17T13:11:25.988Z"}
{"level":"info","message":"GET /image","timestamp":"2017-07-17T13:11:29.980Z"}
{"level":"info","message":"GET /index.html","timestamp":"2017-07-17T13:11:34.144Z"}
{"level":"info","message":"GET /index.css","timestamp":"2017-07-17T13:11:34.170Z"}
{"level":"info","message":"GET /image","timestamp":"2017-07-17T13:11:35.396Z"}
{"level":"info","message":"GET /index.html","timestamp":"2017-07-17T13:12:20.863Z"}
{"level":"info","message":"GET /index.css","timestamp":"2017-07-17T13:12:20.881Z"}
{"level":"info","message":"GET /index.html","timestamp":"2017-07-17T13:13:00.124Z"}
{"level":"info","message":"GET /index.css","timestamp":"2017-07-17T13:13:00.143Z"}
{"level":"info","message":"GET /image","timestamp":"2017-07-17T13:13:08.740Z"}
{"level":"info","message":"GET /image","timestamp":"2017-07-17T13:13:09.136Z"}
{"level":"info","message":"GET /image","timestamp":"2017-07-17T13:13:09.272Z"}
{"level":"info","message":"GET /index.html","timestamp":"2017-07-17T13:13:14.409Z"}
{"level":"info","message":"GET /index.css","timestamp":"2017-07-17T13:13:14.438Z"}
{"level":"info","message":"GET /image","timestamp":"2017-07-17T13:14:01.905Z"}
{"level":"info","message":"GET /image","timestamp":"2017-07-17T13:14:07.204Z"}
{"level":"info","message":"GET /image","timestamp":"2017-07-17T13:14:07.679Z"}
{"level":"info","message":"GET /image","timestamp":"2017-07-17T13:14:07.828Z"}
{"level":"info","message":"GET /image","timestamp":"2017-07-17T13:14:08.017Z"}
{"level":"info","message":"GET /image","timestamp":"2017-07-17T13:14:08.163Z"}
{"level":"info","message":"GET /index.html","timestamp":"2017-07-17T13:14:15.075Z"}
{"level":"info","message":"GET /index.css","timestamp":"2017-07-17T13:14:15.090Z"}
{"level":"info","message":"GET /image","timestamp":"2017-07-17T13:14:20.016Z"}
{"level":"info","message":"GET /image","timestamp":"2017-07-17T13:14:20.367Z"}
{"level":"info","message":"GET /image","timestamp":"2017-07-17T13:14:20.508Z"}
{"level":"info","message":"GET /image","timestamp":"2017-07-17T13:14:24.310Z"}
{"level":"info","message":"GET /index.html","timestamp":"2017-07-17T13:14:30.512Z"}
{"level":"info","message":"GET /index.css","timestamp":"2017-07-17T13:14:30.525Z"}
{"level":"info","message":"GET /image","timestamp":"2017-07-17T13:14:34.510Z"}
{"level":"info","message":"GET /image","timestamp":"2017-07-17T13:14:34.867Z"}
{"level":"info","message":"GET /image","timestamp":"2017-07-17T13:14:36.956Z"}
{"level":"info","message":"POST /info","timestamp":"2017-07-17T13:15:09.452Z"}
{"level":"info","message":"GET /index.html","timestamp":"2017-07-17T13:15:46.191Z"}
{"level":"info","message":"GET /index.css","timestamp":"2017-07-17T13:15:46.222Z"}
{"level":"info","message":"GET /index.html","timestamp":"2017-07-17T13:16:30.336Z"}
{"level":"info","message":"GET /index.css","timestamp":"2017-07-17T13:16:30.347Z"}
{"level":"info","message":"GET /index.html","timestamp":"2017-07-17T13:19:15.702Z"}
{"level":"info","message":"GET /index.css","timestamp":"2017-07-17T13:19:15.723Z"}
{"level":"info","message":"GET /index.html","timestamp":"2017-07-17T13:19:16.046Z"}
{"level":"info","message":"GET /index.css","timestamp":"2017-07-17T13:19:16.074Z"}
{"level":"info","message":"GET /index.html","timestamp":"2017-07-17T13:19:16.213Z"}
{"level":"info","message":"GET /index.css","timestamp":"2017-07-17T13:19:16.223Z"}
{"level":"info","message":"GET /image","timestamp":"2017-07-17T13:19:19.125Z"}
{"level":"info","message":"GET /image","timestamp":"2017-07-17T13:19:19.774Z"}
{"level":"info","message":"GET /image","timestamp":"2017-07-17T13:19:19.899Z"}
{"level":"info","message":"GET /image","timestamp":"2017-07-17T13:19:20.114Z"}
{"level":"info","message":"GET /index.html","timestamp":"2017-07-17T13:19:43.418Z"}
{"level":"info","message":"GET /index.css","timestamp":"2017-07-17T13:19:43.444Z"}
{"level":"info","message":"GET /index.html","timestamp":"2017-07-17T13:19:43.924Z"}
{"level":"info","message":"GET /index.css","timestamp":"2017-07-17T13:19:43.938Z"}
{"level":"info","message":"GET /index.html","timestamp":"2017-07-17T13:19:44.045Z"}
{"level":"info","message":"GET /index.css","timestamp":"2017-07-17T13:19:44.056Z"}
{"level":"info","message":"GET /index.html","timestamp":"2017-07-17T13:19:44.189Z"}
{"level":"info","message":"GET /index.css","timestamp":"2017-07-17T13:19:44.203Z"}
{"level":"info","message":"GET /image","timestamp":"2017-07-17T13:19:45.178Z"}
{"level":"info","message":"GET /image","timestamp":"2017-07-17T13:19:45.700Z"}
{"level":"info","message":"GET /image","timestamp":"2017-07-17T13:19:45.883Z"}
{"level":"info","message":"GET /image","timestamp":"2017-07-17T13:20:07.887Z"}
{"level":"info","message":"GET /index.html","timestamp":"2017-07-17T13:20:15.431Z"}
{"level":"info","message":"GET /index.css","timestamp":"2017-07-17T13:20:15.453Z"}
{"level":"info","message":"GET /index.html","timestamp":"2017-07-17T13:20:15.616Z"}
{"level":"info","message":"GET /index.css","timestamp":"2017-07-17T13:20:15.636Z"}
{"level":"info","message":"GET /index.html","timestamp":"2017-07-17T13:20:15.783Z"}
{"level":"info","message":"GET /index.css","timestamp":"2017-07-17T13:20:15.789Z"}
{"level":"info","message":"GET /index.html","timestamp":"2017-07-17T13:20:15.955Z"}
{"level":"info","message":"GET /index.css","timestamp":"2017-07-17T13:20:15.975Z"}
{"level":"info","message":"GET /image","timestamp":"2017-07-17T13:20:19.198Z"}
{"level":"info","message":"GET /image","timestamp":"2017-07-17T13:20:19.384Z"}
{"level":"info","message":"GET /image","timestamp":"2017-07-17T13:20:19.555Z"}
{"level":"info","message":"GET /image","timestamp":"2017-07-17T13:20:20.776Z"}
{"level":"info","message":"GET /image","timestamp":"2017-07-17T13:20:20.938Z"}
{"level":"info","message":"GET /image","timestamp":"2017-07-17T13:20:21.074Z"}
{"level":"info","message":"GET /image","timestamp":"2017-07-17T13:20:28.203Z"}
{"level":"info","message":"GET /image","timestamp":"2017-07-17T13:21:10.065Z"}
{"level":"info","message":"GET /index.html","timestamp":"2017-07-17T13:21:13.142Z"}
{"level":"info","message":"GET /index.css","timestamp":"2017-07-17T13:21:13.152Z"}
{"level":"info","message":"GET /index.html","timestamp":"2017-07-17T13:21:13.327Z"}
{"level":"info","message":"GET /index.css","timestamp":"2017-07-17T13:21:13.349Z"}
{"level":"info","message":"GET /index.html","timestamp":"2017-07-17T13:21:13.498Z"}
{"level":"info","message":"GET /index.css","timestamp":"2017-07-17T13:21:13.515Z"}
{"level":"info","message":"GET /image","timestamp":"2017-07-17T13:21:16.099Z"}
{"level":"info","message":"GET /image","timestamp":"2017-07-17T13:21:16.415Z"}
{"level":"info","message":"GET /image","timestamp":"2017-07-17T13:21:20.085Z"}
{"level":"info","message":"GET /index.html","timestamp":"2017-07-17T13:21:23.439Z"}
{"level":"info","message":"GET /index.css","timestamp":"2017-07-17T13:21:23.462Z"}
{"level":"info","message":"GET /index.html","timestamp":"2017-07-17T13:21:36.079Z"}
{"level":"info","message":"GET /index.css","timestamp":"2017-07-17T13:21:36.087Z"}
{"level":"info","message":"GET /index.html","timestamp":"2017-07-17T13:21:39.394Z"}
{"level":"info","message":"GET /index.css","timestamp":"2017-07-17T13:21:39.402Z"}
{"level":"info","message":"GET /index.html","timestamp":"2017-07-17T13:21:39.534Z"}
{"level":"info","message":"GET /index.css","timestamp":"2017-07-17T13:21:39.543Z"}
{"level":"info","message":"GET /index.html","timestamp":"2017-07-17T13:21:39.670Z"}
{"level":"info","message":"GET /index.css","timestamp":"2017-07-17T13:21:39.680Z"}
{"level":"info","message":"GET /image","timestamp":"2017-07-17T13:21:41.768Z"}
{"level":"info","message":"GET /index.html","timestamp":"2017-07-17T13:21:43.329Z"}
{"level":"info","message":"GET /index.css","timestamp":"2017-07-17T13:21:43.344Z"}
{"level":"info","message":"GET /index.html","timestamp":"2017-07-17T13:21:43.494Z"}
{"level":"info","message":"GET /index.css","timestamp":"2017-07-17T13:21:43.504Z"}
{"level":"info","message":"GET /index.html","timestamp":"2017-07-17T13:21:43.669Z"}
{"level":"info","message":"GET /index.css","timestamp":"2017-07-17T13:21:43.691Z"}
{"level":"info","message":"GET /image","timestamp":"2017-07-17T13:22:03.551Z"}
{"level":"info","message":"GET /index.html","timestamp":"2017-07-17T13:22:32.511Z"}
{"level":"info","message":"GET /index.css","timestamp":"2017-07-17T13:22:32.533Z"}
{"level":"info","message":"GET /index.html","timestamp":"2017-07-17T13:22:33.090Z"}
{"level":"info","message":"GET /index.css","timestamp":"2017-07-17T13:22:33.114Z"}
{"level":"info","message":"GET /index.html","timestamp":"2017-07-17T13:22:33.234Z"}
{"level":"info","message":"GET /index.css","timestamp":"2017-07-17T13:22:33.242Z"}
{"level":"info","message":"GET /index.html","timestamp":"2017-07-17T13:22:33.504Z"}
{"level":"info","message":"GET /index.css","timestamp":"2017-07-17T13:22:33.511Z"}
{"level":"info","message":"GET /image","timestamp":"2017-07-17T13:22:36.235Z"}
{"level":"info","message":"GET /index.html","timestamp":"2017-07-17T13:22:38.010Z"}
{"level":"info","message":"GET /index.css","timestamp":"2017-07-17T13:22:38.017Z"}
{"level":"info","message":"GET /index.html","timestamp":"2017-07-17T13:22:38.320Z"}
{"level":"info","message":"GET /index.css","timestamp":"2017-07-17T13:22:38.329Z"}
{"level":"info","message":"GET /image","timestamp":"2017-07-17T13:22:42.372Z"}
{"level":"info","message":"GET /index.html","timestamp":"2017-07-17T13:22:45.401Z"}
{"level":"info","message":"GET /index.css","timestamp":"2017-07-17T13:22:45.423Z"}
{"level":"info","message":"GET /index.html","timestamp":"2017-07-17T13:22:45.554Z"}
{"level":"info","message":"GET /index.css","timestamp":"2017-07-17T13:22:45.578Z"}
{"level":"info","message":"GET /image","timestamp":"2017-07-17T13:22:48.665Z"}
{"level":"info","message":"GET /image","timestamp":"2017-07-17T13:22:50.915Z"}
{"level":"info","message":"GET /image","timestamp":"2017-07-17T13:22:52.072Z"}
{"level":"info","message":"GET /image","timestamp":"2017-07-17T13:22:52.727Z"}
{"level":"info","message":"GET /image","timestamp":"2017-07-17T13:23:05.009Z"}
{"level":"info","message":"GET /image","timestamp":"2017-07-17T13:23:08.945Z"}
{"level":"info","message":"GET /image","timestamp":"2017-07-17T13:23:37.037Z"}
{"level":"info","message":"GET /image","timestamp":"2017-07-17T13:23:38.369Z"}
{"level":"info","message":"GET /image","timestamp":"2017-07-17T13:23:43.198Z"}
{"level":"info","message":"GET /image","timestamp":"2017-07-17T13:23:43.403Z"}
{"level":"info","message":"GET /image","timestamp":"2017-07-17T13:23:43.567Z"}
{"level":"info","message":"GET /image","timestamp":"2017-07-17T13:23:43.787Z"}
{"level":"info","message":"GET /image","timestamp":"2017-07-17T13:23:43.991Z"}
{"level":"info","message":"GET /image","timestamp":"2017-07-17T13:23:44.201Z"}
{"level":"info","message":"GET /image","timestamp":"2017-07-17T13:23:47.586Z"}
{"level":"info","message":"GET /image","timestamp":"2017-07-17T13:23:49.755Z"}
{"level":"info","message":"GET /","timestamp":"2017-07-17T13:24:05.484Z"}
{"level":"info","message":"GET /index.html","timestamp":"2017-07-17T13:24:09.686Z"}
{"level":"info","message":"GET /index.css","timestamp":"2017-07-17T13:24:09.696Z"}
{"level":"info","message":"GET /index.html","timestamp":"2017-07-17T13:24:11.163Z"}
{"level":"info","message":"GET /index.css","timestamp":"2017-07-17T13:24:11.173Z"}
{"level":"info","message":"GET /image","timestamp":"2017-07-17T13:24:13.533Z"}
{"level":"info","message":"GET /index.html","timestamp":"2017-07-17T13:24:15.123Z"}
{"level":"info","message":"GET /index.css","timestamp":"2017-07-17T13:24:15.146Z"}
{"level":"info","message":"GET /index.html","timestamp":"2017-07-17T13:24:15.273Z"}
{"level":"info","message":"GET /index.css","timestamp":"2017-07-17T13:24:15.281Z"}
{"level":"info","message":"GET /image","timestamp":"2017-07-17T13:24:18.030Z"}
{"level":"info","message":"GET /image","timestamp":"2017-07-17T13:24:22.201Z"}
{"level":"info","message":"GET /image","timestamp":"2017-07-17T13:24:22.711Z"}
{"level":"info","message":"GET /image","timestamp":"2017-07-17T13:24:23.142Z"}
{"level":"info","message":"GET /image","timestamp":"2017-07-17T13:24:23.475Z"}
{"level":"info","message":"GET /image","timestamp":"2017-07-17T13:24:23.823Z"}
{"level":"info","message":"GET /image","timestamp":"2017-07-17T13:24:24.153Z"}
{"level":"info","message":"GET /image","timestamp":"2017-07-17T13:24:24.514Z"}
{"level":"info","message":"GET /image","timestamp":"2017-07-17T13:24:24.868Z"}
{"level":"info","message":"GET /image","timestamp":"2017-07-17T13:25:17.514Z"}
{"level":"info","message":"GET /index.html","timestamp":"2017-07-17T13:25:22.291Z"}
{"level":"info","message":"GET /index.css","timestamp":"2017-07-17T13:25:22.315Z"}
{"level":"info","message":"GET /index.html","timestamp":"2017-07-17T13:25:22.469Z"}
{"level":"info","message":"GET /index.css","timestamp":"2017-07-17T13:25:22.494Z"}
{"level":"info","message":"GET /index.html","timestamp":"2017-07-17T13:25:22.640Z"}
{"level":"info","message":"GET /index.css","timestamp":"2017-07-17T13:25:22.651Z"}
{"level":"info","message":"GET /image","timestamp":"2017-07-17T13:25:26.225Z"}
{"level":"info","message":"GET /image","timestamp":"2017-07-17T13:25:53.464Z"}
{"level":"info","message":"GET /index.html","timestamp":"2017-07-17T13:26:53.004Z"}
{"level":"info","message":"GET /index.css","timestamp":"2017-07-17T13:26:53.011Z"}
{"level":"info","message":"GET /index.html","timestamp":"2017-07-17T13:26:53.683Z"}
{"level":"info","message":"GET /index.css","timestamp":"2017-07-17T13:26:53.690Z"}
{"level":"info","message":"GET /image","timestamp":"2017-07-17T13:27:01.074Z"}
{"level":"info","message":"GET /image","timestamp":"2017-07-17T13:27:49.471Z"}
{"level":"info","message":"GET /image","timestamp":"2017-07-17T13:27:50.166Z"}
{"level":"info","message":"GET /image","timestamp":"2017-07-17T13:27:50.366Z"}
{"level":"info","message":"GET /image","timestamp":"2017-07-17T13:27:50.539Z"}
{"level":"info","message":"GET /image","timestamp":"2017-07-17T13:27:50.721Z"}
{"level":"info","message":"GET /image","timestamp":"2017-07-17T13:27:50.895Z"}
{"level":"info","message":"GET /image","timestamp":"2017-07-17T13:27:51.101Z"}
{"level":"info","message":"GET /image","timestamp":"2017-07-17T13:28:06.302Z"}
{"level":"info","message":"GET /image","timestamp":"2017-07-17T13:29:36.472Z"}
{"level":"info","message":"GET /","timestamp":"2017-07-17T13:29:42.967Z"}
{"level":"info","message":"GET /","timestamp":"2017-07-17T13:29:43.199Z"}
{"level":"info","message":"GET /index.html","timestamp":"2017-07-17T13:29:47.153Z"}
{"level":"info","message":"GET /index.css","timestamp":"2017-07-17T13:29:47.171Z"}
{"level":"info","message":"GET /image","timestamp":"2017-07-17T13:30:11.809Z"}
{"level":"info","message":"GET /index.html","timestamp":"2017-07-17T13:30:14.018Z"}
{"level":"info","message":"GET /index.css","timestamp":"2017-07-17T13:30:14.027Z"}
{"level":"info","message":"GET /image","timestamp":"2017-07-17T13:30:16.861Z"}
{"level":"info","message":"GET /image","timestamp":"2017-07-17T13:30:18.715Z"}
{"level":"info","message":"GET /image","timestamp":"2017-07-17T13:30:20.237Z"}
{"level":"info","message":"GET /index.html","timestamp":"2017-07-17T13:30:21.432Z"}
{"level":"info","message":"GET /index.css","timestamp":"2017-07-17T13:30:21.455Z"}
{"level":"info","message":"GET /image","timestamp":"2017-07-17T13:30:23.965Z"}
{"level":"info","message":"GET /image","timestamp":"2017-07-17T13:30:25.558Z"}
{"level":"info","message":"GET /image","timestamp":"2017-07-17T13:31:43.781Z"}
{"level":"info","message":"GET /index.html","timestamp":"2017-07-17T13:31:44.374Z"}
{"level":"info","message":"GET /index.css","timestamp":"2017-07-17T13:31:44.400Z"}
{"level":"info","message":"GET /index.html","timestamp":"2017-07-17T13:31:44.659Z"}
{"level":"info","message":"GET /index.css","timestamp":"2017-07-17T13:31:44.680Z"}
{"level":"info","message":"GET /index.html","timestamp":"2017-07-17T13:31:44.857Z"}
{"level":"info","message":"GET /index.css","timestamp":"2017-07-17T13:31:44.883Z"}
{"level":"info","message":"GET /image","timestamp":"2017-07-17T13:31:48.495Z"}
{"level":"info","message":"GET /index.html","timestamp":"2017-07-17T13:31:50.170Z"}
{"level":"info","message":"GET /index.css","timestamp":"2017-07-17T13:31:50.196Z"}
{"level":"info","message":"GET /image","timestamp":"2017-07-17T13:31:54.551Z"}
{"level":"info","message":"GET /image","timestamp":"2017-07-17T13:31:57.951Z"}
{"level":"info","message":"GET /index.html","timestamp":"2017-07-17T13:32:07.482Z"}
{"level":"info","message":"GET /index.css","timestamp":"2017-07-17T13:32:07.504Z"}
{"level":"info","message":"GET /image","timestamp":"2017-07-17T13:32:10.402Z"}
{"level":"info","message":"GET /index.html","timestamp":"2017-07-17T13:33:37.700Z"}
{"level":"info","message":"GET /index.css","timestamp":"2017-07-17T13:33:37.713Z"}
{"level":"info","message":"GET /index.html","timestamp":"2017-07-17T13:33:37.873Z"}
{"level":"info","message":"GET /index.css","timestamp":"2017-07-17T13:33:37.882Z"}
{"level":"info","message":"GET /index.html","timestamp":"2017-07-17T13:33:38.065Z"}
{"level":"info","message":"GET /index.css","timestamp":"2017-07-17T13:33:38.086Z"}
{"level":"info","message":"GET /index.html","timestamp":"2017-07-17T13:33:38.289Z"}
{"level":"info","message":"GET /index.css","timestamp":"2017-07-17T13:33:38.304Z"}
{"level":"info","message":"GET /index.html","timestamp":"2017-07-17T13:33:38.713Z"}
{"level":"info","message":"GET /index.css","timestamp":"2017-07-17T13:33:38.734Z"}
{"level":"info","message":"GET /index.html","timestamp":"2017-07-17T13:35:56.448Z"}
{"level":"info","message":"GET /index.css","timestamp":"2017-07-17T13:35:56.463Z"}
{"level":"info","message":"GET /index.html","timestamp":"2017-07-17T13:36:10.341Z"}
{"level":"info","message":"GET /index.css","timestamp":"2017-07-17T13:36:10.360Z"}
