
info [Mon Jul 17 2017 11:54:57 GMT+0300 (+03)]  loading an array [ 1, 2, 3 ] now!

info [Mon Jul 17 2017 11:55:54 GMT+0300 (+03)]  /
info [Mon Jul 17 2017 11:56:07 GMT+0300 (+03)]  /info
info [Mon Jul 17 2017 11:56:13 GMT+0300 (+03)]  /index.html


info [Mon Jul 17 2017 12:06:08 GMT+0300 (+03)]  /index.html
info [Mon Jul 17 2017 12:06:59 GMT+0300 (+03)]  /index.html
info [Mon Jul 17 2017 12:07:05 GMT+0300 (+03)]  /
info [Mon Jul 17 2017 12:07:11 GMT+0300 (+03)]  /index.html
info [Mon Jul 17 2017 12:07:33 GMT+0300 (+03)]  /
info [Mon Jul 17 2017 12:07:37 GMT+0300 (+03)]  /info
info [Mon Jul 17 2017 12:07:42 GMT+0300 (+03)]  /index.html

info [Mon Jul 17 2017 12:11:19 GMT+0300 (+03)]  /index.html

info [Mon Jul 17 2017 12:11:38 GMT+0300 (+03)]  /index.html
info [Mon Jul 17 2017 12:12:08 GMT+0300 (+03)]  /index.html
info [Mon Jul 17 2017 12:12:11 GMT+0300 (+03)]  /
info [Mon Jul 17 2017 12:12:16 GMT+0300 (+03)]  /index.html


info [Mon Jul 17 2017 12:13:27 GMT+0300 (+03)]  /index.html

info [Mon Jul 17 2017 12:15:04 GMT+0300 (+03)]  /index.html
info [Mon Jul 17 2017 12:15:06 GMT+0300 (+03)]  /index.html

info [Mon Jul 17 2017 12:16:17 GMT+0300 (+03)]  /index.html

info [Mon Jul 17 2017 12:17:05 GMT+0300 (+03)]  /index.html
info [Mon Jul 17 2017 12:19:29 GMT+0300 (+03)]  /index.html
info [Mon Jul 17 2017 12:19:40 GMT+0300 (+03)]  /index.html

info [Mon Jul 17 2017 12:20:17 GMT+0300 (+03)]  /index.html

info [Mon Jul 17 2017 12:21:50 GMT+0300 (+03)]  /index.html
info [Mon Jul 17 2017 12:22:02 GMT+0300 (+03)]  /index.html


info [Mon Jul 17 2017 12:25:23 GMT+0300 (+03)]  /
info [Mon Jul 17 2017 12:25:28 GMT+0300 (+03)]  /index.html

info [Mon Jul 17 2017 12:26:20 GMT+0300 (+03)]  /index.html

info [Mon Jul 17 2017 12:26:56 GMT+0300 (+03)]  /
info [Mon Jul 17 2017 12:26:56 GMT+0300 (+03)]  /
info [Mon Jul 17 2017 12:27:01 GMT+0300 (+03)]  /index.html

info [Mon Jul 17 2017 12:28:08 GMT+0300 (+03)]  /index.html
info [Mon Jul 17 2017 12:28:10 GMT+0300 (+03)]  /index.html

info [Mon Jul 17 2017 12:28:27 GMT+0300 (+03)]  /index.html
info [Mon Jul 17 2017 12:28:28 GMT+0300 (+03)]  /index.html

info [Mon Jul 17 2017 12:31:53 GMT+0300 (+03)]  /index.html

info [Mon Jul 17 2017 12:32:22 GMT+0300 (+03)]  /index.html

info [Mon Jul 17 2017 12:41:25 GMT+0300 (+03)]  /index.html
info [Mon Jul 17 2017 12:41:25 GMT+0300 (+03)]  /index.html

info [Mon Jul 17 2017 12:42:56 GMT+0300 (+03)]  /index.html

info [Mon Jul 17 2017 12:45:26 GMT+0300 (+03)]  /index.html
info [Mon Jul 17 2017 12:46:08 GMT+0300 (+03)]  /index.html

info [Mon Jul 17 2017 12:50:55 GMT+0300 (+03)]  /index.html

info [Mon Jul 17 2017 12:52:53 GMT+0300 (+03)]  /index.html

info [Mon Jul 17 2017 12:53:34 GMT+0300 (+03)]  /index.html

info [Mon Jul 17 2017 12:55:19 GMT+0300 (+03)]  /index.html

info [Mon Jul 17 2017 12:55:51 GMT+0300 (+03)]  /index.html


info [Mon Jul 17 2017 13:02:08 GMT+0300 (+03)]  /index.html

info [Mon Jul 17 2017 13:03:23 GMT+0300 (+03)]  /index.html


info [Mon Jul 17 2017 13:13:13 GMT+0300 (+03)]  /






























info [Mon Jul 17 2017 14:02:21 GMT+0300 (+03)]  /








info [Mon Jul 17 2017 14:10:50 GMT+0300 (+03)]  /index.html
info [Mon Jul 17 2017 14:11:09 GMT+0300 (+03)]  /info

info [Mon Jul 17 2017 14:23:38 GMT+0300 (+03)]  /
info [Mon Jul 17 2017 14:23:45 GMT+0300 (+03)]  /info
info [Mon Jul 17 2017 14:23:49 GMT+0300 (+03)]  /info
info [Mon Jul 17 2017 14:23:57 GMT+0300 (+03)]  /index.html

info [Mon Jul 17 2017 14:29:26 GMT+0300 (+03)]  /index.html


info [Mon Jul 17 2017 14:33:26 GMT+0300 (+03)]  /index.html

info [Mon Jul 17 2017 14:35:47 GMT+0300 (+03)]  /index.html

info [Mon Jul 17 2017 14:37:57 GMT+0300 (+03)]  /index.html

info [Mon Jul 17 2017 14:38:31 GMT+0300 (+03)]  /index.html

info [Mon Jul 17 2017 14:38:49 GMT+0300 (+03)]  /index.html

info [Mon Jul 17 2017 14:40:02 GMT+0300 (+03)]  /index.html

info [Mon Jul 17 2017 14:40:21 GMT+0300 (+03)]  /index.html

info [Mon Jul 17 2017 14:40:45 GMT+0300 (+03)]  /index.html

info [Mon Jul 17 2017 14:41:08 GMT+0300 (+03)]  /index.html

info [Mon Jul 17 2017 14:41:23 GMT+0300 (+03)]  /index.html
info [Mon Jul 17 2017 14:42:24 GMT+0300 (+03)]  /index.html

info [Tue Jul 18 2017 00:04:35 GMT+0300 (Belarus Standard Time)]  /
info [Tue Jul 18 2017 00:04:36 GMT+0300 (Belarus Standard Time)]  /favicon.ico
info [Tue Jul 18 2017 00:04:47 GMT+0300 (Belarus Standard Time)]  /favicon.ico
info [Tue Jul 18 2017 00:04:52 GMT+0300 (Belarus Standard Time)]  /info
info [Tue Jul 18 2017 00:04:52 GMT+0300 (Belarus Standard Time)]  /favicon.ico
info [Tue Jul 18 2017 00:05:00 GMT+0300 (Belarus Standard Time)]  /internet-image
info [Tue Jul 18 2017 00:05:00 GMT+0300 (Belarus Standard Time)]  /favicon.ico
info [Tue Jul 18 2017 00:05:17 GMT+0300 (Belarus Standard Time)]  /internet-file
info [Tue Jul 18 2017 00:05:31 GMT+0300 (Belarus Standard Time)]  /favicon.ico
info [Tue Jul 18 2017 00:05:45 GMT+0300 (Belarus Standard Time)]  /index.html
info [Tue Jul 18 2017 00:05:45 GMT+0300 (Belarus Standard Time)]  /favicon.ico
info [Tue Jul 18 2017 00:05:54 GMT+0300 (Belarus Standard Time)]  /http-server.js
info [Tue Jul 18 2017 00:05:54 GMT+0300 (Belarus Standard Time)]  /favicon.ico

info [Tue Jul 18 2017 00:07:16 GMT+0300 (Belarus Standard Time)]  /index.html
info [Tue Jul 18 2017 00:07:17 GMT+0300 (Belarus Standard Time)]  /favicon.ico
info [Tue Jul 18 2017 00:07:22 GMT+0300 (Belarus Standard Time)]  /http-server.js
info [Tue Jul 18 2017 00:07:22 GMT+0300 (Belarus Standard Time)]  /favicon.ico
