{"anything":"require page: /index.html","level":"info","message":"logger handler","timestamp":"2017-07-19T10:51:09.843Z"}
{"anything":"require page: /favicon.ico","level":"info","message":"logger handler","timestamp":"2017-07-19T10:51:09.957Z"}
{"anything":"require page: /fullname","level":"info","message":"logger handler","timestamp":"2017-07-19T10:51:13.315Z"}
{"anything":"require page: /favicon.ico","level":"info","message":"logger handler","timestamp":"2017-07-19T10:51:13.380Z"}
{"anything":"require page: /fullname","level":"info","message":"logger handler","timestamp":"2017-07-19T10:51:58.024Z"}
{"anything":"require page: /favicon.ico","level":"info","message":"logger handler","timestamp":"2017-07-19T10:51:58.209Z"}
{"anything":"require page: /","level":"info","message":"logger handler","timestamp":"2017-07-19T10:52:00.410Z"}
{"anything":"require page: /favicon.ico","level":"info","message":"logger handler","timestamp":"2017-07-19T10:52:00.561Z"}
{"anything":"require page: /index.html","level":"info","message":"logger handler","timestamp":"2017-07-19T10:52:04.780Z"}
{"anything":"require page: /favicon.ico","level":"info","message":"logger handler","timestamp":"2017-07-19T10:52:04.913Z"}
{"anything":"require page: /fullname","level":"info","message":"logger handler","timestamp":"2017-07-19T10:52:07.274Z"}
{"anything":"require page: /favicon.ico","level":"info","message":"logger handler","timestamp":"2017-07-19T10:52:07.459Z"}
{"anything":"require page: /favicon.ico","level":"info","message":"logger handler","timestamp":"2017-07-19T10:54:07.470Z"}
{"anything":"require page: /internet-file","level":"info","message":"logger handler","timestamp":"2017-07-19T10:54:41.992Z"}
{"anything":"require page: /favicon.ico","level":"info","message":"logger handler","timestamp":"2017-07-19T10:54:42.568Z"}
{"anything":"require page: /internet-file","level":"info","message":"logger handler","timestamp":"2017-07-19T10:56:31.882Z"}
{"anything":"require page: /favicon.ico","level":"info","message":"logger handler","timestamp":"2017-07-19T10:56:32.097Z"}
{"anything":"require page: /internet-file","level":"info","message":"logger handler","timestamp":"2017-07-19T10:56:38.255Z"}
{"anything":"require page: /favicon.ico","level":"info","message":"logger handler","timestamp":"2017-07-19T10:56:38.437Z"}
{"anything":"require page: /favicon.ico","level":"info","message":"logger handler","timestamp":"2017-07-19T10:58:38.441Z"}
{"anything":"require page: /internet-file","level":"info","message":"logger handler","timestamp":"2017-07-19T10:59:10.810Z"}
{"anything":"require page: /internet-file","level":"info","message":"logger handler","timestamp":"2017-07-19T10:59:27.179Z"}
{"anything":"require page: /favicon.ico","level":"info","message":"logger handler","timestamp":"2017-07-19T10:59:27.371Z"}
{"anything":"require page: /internet-file","level":"info","message":"logger handler","timestamp":"2017-07-19T10:59:46.610Z"}
{"anything":"require page: /favicon.ico","level":"info","message":"logger handler","timestamp":"2017-07-19T10:59:46.955Z"}
{"anything":"require page: /internet-file","level":"info","message":"logger handler","timestamp":"2017-07-19T11:00:10.979Z"}
{"anything":"require page: /favicon.ico","level":"info","message":"logger handler","timestamp":"2017-07-19T11:00:11.273Z"}
{"anything":"require page: /internet-file","level":"info","message":"logger handler","timestamp":"2017-07-19T11:00:11.463Z"}
{"anything":"require page: /favicon.ico","level":"info","message":"logger handler","timestamp":"2017-07-19T11:00:11.654Z"}
{"anything":"require page: /internet-file","level":"info","message":"logger handler","timestamp":"2017-07-19T11:00:11.762Z"}
{"anything":"require page: /favicon.ico","level":"info","message":"logger handler","timestamp":"2017-07-19T11:00:11.957Z"}
{"anything":"require page: /internet-file","level":"info","message":"logger handler","timestamp":"2017-07-19T11:00:11.963Z"}
{"anything":"require page: /favicon.ico","level":"info","message":"logger handler","timestamp":"2017-07-19T11:00:12.393Z"}
{"anything":"require page: /internet-file","level":"info","message":"logger handler","timestamp":"2017-07-19T11:00:13.164Z"}
{"anything":"require page: /favicon.ico","level":"info","message":"logger handler","timestamp":"2017-07-19T11:00:13.332Z"}
{"anything":"require page: /internet-file","level":"info","message":"logger handler","timestamp":"2017-07-19T11:00:27.905Z"}
{"anything":"require page: /favicon.ico","level":"info","message":"logger handler","timestamp":"2017-07-19T11:00:28.158Z"}
{"anything":"require page: /internet-file","level":"info","message":"logger handler","timestamp":"2017-07-19T11:00:29.274Z"}
{"anything":"require page: /favicon.ico","level":"info","message":"logger handler","timestamp":"2017-07-19T11:00:29.442Z"}
{"anything":"require page: /internet-file","level":"info","message":"logger handler","timestamp":"2017-07-19T11:01:52.907Z"}
{"anything":"require page: /favicon.ico","level":"info","message":"logger handler","timestamp":"2017-07-19T11:01:53.119Z"}
{"anything":"require page: /internet-file","level":"info","message":"logger handler","timestamp":"2017-07-19T11:02:09.785Z"}
{"anything":"require page: /favicon.ico","level":"info","message":"logger handler","timestamp":"2017-07-19T11:02:10.054Z"}
{"anything":"require page: /internet-file","level":"info","message":"logger handler","timestamp":"2017-07-19T11:02:11.159Z"}
{"anything":"require page: /favicon.ico","level":"info","message":"logger handler","timestamp":"2017-07-19T11:02:11.335Z"}
{"anything":"require page: /index.html","level":"info","message":"logger handler","timestamp":"2017-07-19T11:02:14.914Z"}
{"anything":"require page: /favicon.ico","level":"info","message":"logger handler","timestamp":"2017-07-19T11:02:15.044Z"}
{"anything":"require page: /internet-file","level":"info","message":"logger handler","timestamp":"2017-07-19T11:02:18.259Z"}
{"anything":"require page: /favicon.ico","level":"info","message":"logger handler","timestamp":"2017-07-19T11:02:18.421Z"}
{"anything":"require page: /internet-file","level":"info","message":"logger handler","timestamp":"2017-07-19T11:03:15.945Z"}
{"anything":"require page: /favicon.ico","level":"info","message":"logger handler","timestamp":"2017-07-19T11:03:18.318Z"}
{"anything":"require page: /internet-file","level":"info","message":"logger handler","timestamp":"2017-07-19T11:03:38.394Z"}
{"anything":"require page: /internet-file","level":"info","message":"logger handler","timestamp":"2017-07-19T11:03:48.059Z"}
{"anything":"require page: /favicon.ico","level":"info","message":"logger handler","timestamp":"2017-07-19T11:03:54.316Z"}
